2024-05-01 13:38:54,158 \u0412\u0456\u0434\u043a\u0440\u0438\u0442\u043e \u0434\u043e\u0434\u0430\u0442\u043e\u043a Minesweeper
2024-05-01 13:39:00,226 \u0412\u0456\u0434\u043a\u0440\u0438\u0442\u043e \u0434\u043e\u0434\u0430\u0442\u043e\u043a Minesweeper
2024-05-01 13:39:12,410 \u0412\u0456\u0434\u043a\u0440\u0438\u0442\u043e \u0434\u043e\u0434\u0430\u0442\u043e\u043a Minesweeper
2024-05-01 13:39:18,486 \u0412\u0456\u0434\u043a\u0440\u0438\u0442\u043e \u0434\u043e\u0434\u0430\u0442\u043e\u043a Bank
2024-05-01 13:39:30,286 \u0412\u0456\u0434\u043a\u0440\u0438\u0442\u043e \u0434\u043e\u0434\u0430\u0442\u043e\u043a Phone
2024-05-01 13:40:51,968 \u0412\u0456\u0434\u043a\u0440\u0438\u0442\u043e \u0434\u043e\u0434\u0430\u0442\u043e\u043a Minesweeper
2024-05-01 13:40:56,871 \u0412\u0456\u0434\u043a\u0440\u0438\u0442\u043e \u0434\u043e\u0434\u0430\u0442\u043e\u043a Phone
2024-05-01 13:41:53,663 \u0412\u0456\u0434\u043a\u0440\u0438\u0442\u043e \u0434\u043e\u0434\u0430\u0442\u043e\u043a Minesweeper
2024-05-01 13:41:58,490 \u0412\u0456\u0434\u043a\u0440\u0438\u0442\u043e \u0434\u043e\u0434\u0430\u0442\u043e\u043a Clock
2024-05-01 13:41:59,939 \u0412\u0456\u0434\u043a\u0440\u0438\u0442\u043e \u0434\u043e\u0434\u0430\u0442\u043e\u043a Pizza Maker
2024-05-01 13:42:01,616 \u0412\u0456\u0434\u043a\u0440\u0438\u0442\u043e \u0434\u043e\u0434\u0430\u0442\u043e\u043a Pizza Maker
2024-05-01 14:13:23,271 \u0412\u0456\u0434\u043a\u0440\u0438\u0442\u043e \u0434\u043e\u0434\u0430\u0442\u043e\u043a Bank
2024-05-01 14:13:27,104 \u0412\u0456\u0434\u043a\u0440\u0438\u0442\u043e \u0434\u043e\u0434\u0430\u0442\u043e\u043a Bank
2024-05-01 14:19:28,127 \u0412\u0456\u0434\u043a\u0440\u0438\u0442\u043e \u0434\u043e\u0434\u0430\u0442\u043e\u043a Bank
2024-05-01 14:19:38,275 \u0412\u0456\u0434\u043a\u0440\u0438\u0442\u043e \u0434\u043e\u0434\u0430\u0442\u043e\u043a Minesweeper
2024-05-01 14:19:40,312 \u0412\u0456\u0434\u043a\u0440\u0438\u0442\u043e \u0434\u043e\u0434\u0430\u0442\u043e\u043a Pizza Maker
2024-05-01 14:20:56,324 \u0412\u0456\u0434\u043a\u0440\u0438\u0442\u043e \u0434\u043e\u0434\u0430\u0442\u043e\u043a Minesweeper
2024-05-01 14:20:58,488 \u0412\u0456\u0434\u043a\u0440\u0438\u0442\u043e \u0434\u043e\u0434\u0430\u0442\u043e\u043a Pizza Maker
2024-05-01 14:21:00,196 \u0412\u0456\u0434\u043a\u0440\u0438\u0442\u043e \u0434\u043e\u0434\u0430\u0442\u043e\u043a Phone
2024-05-01 14:21:01,782 \u0412\u0456\u0434\u043a\u0440\u0438\u0442\u043e \u0434\u043e\u0434\u0430\u0442\u043e\u043a Bank
2024-05-01 14:21:03,284 \u0412\u0456\u0434\u043a\u0440\u0438\u0442\u043e \u0434\u043e\u0434\u0430\u0442\u043e\u043a Bank
2024-05-01 14:21:04,746 \u0412\u0456\u0434\u043a\u0440\u0438\u0442\u043e \u0434\u043e\u0434\u0430\u0442\u043e\u043a Minesweeper
2024-05-01 14:41:51,381 \u0412\u0456\u0434\u043a\u0440\u0438\u0442\u043e \u0434\u043e\u0434\u0430\u0442\u043e\u043a Bank
2024-05-01 14:41:56,075 \u0412\u0456\u0434\u043a\u0440\u0438\u0442\u043e \u0434\u043e\u0434\u0430\u0442\u043e\u043a Pizza Maker
2024-05-01 14:42:03,207 \u0412\u0456\u0434\u043a\u0440\u0438\u0442\u043e \u0434\u043e\u0434\u0430\u0442\u043e\u043a Bank
2024-05-01 14:42:09,048 \u0412\u0456\u0434\u043a\u0440\u0438\u0442\u043e \u0434\u043e\u0434\u0430\u0442\u043e\u043a Clock
2024-05-01 14:42:18,665 \u0412\u0456\u0434\u043a\u0440\u0438\u0442\u043e \u0434\u043e\u0434\u0430\u0442\u043e\u043a Bank
2024-05-01 14:42:25,665 \u0412\u0456\u0434\u043a\u0440\u0438\u0442\u043e \u0434\u043e\u0434\u0430\u0442\u043e\u043a Minesweeper
2024-05-01 14:42:33,347 \u0412\u0456\u0434\u043a\u0440\u0438\u0442\u043e \u0434\u043e\u0434\u0430\u0442\u043e\u043a Minesweeper
2024-05-01 14:42:35,371 \u0412\u0456\u0434\u043a\u0440\u0438\u0442\u043e \u0434\u043e\u0434\u0430\u0442\u043e\u043a Pizza Maker
2024-05-01 14:42:36,976 \u0412\u0456\u0434\u043a\u0440\u0438\u0442\u043e \u0434\u043e\u0434\u0430\u0442\u043e\u043a Minesweeper
2024-05-01 14:42:38,710 \u0412\u0456\u0434\u043a\u0440\u0438\u0442\u043e \u0434\u043e\u0434\u0430\u0442\u043e\u043a Bank
2024-05-01 14:44:40,474 \u0412\u0456\u0434\u043a\u0440\u0438\u0442\u043e \u0434\u043e\u0434\u0430\u0442\u043e\u043a Minesweeper
2024-05-01 14:44:52,909 \u0412\u0456\u0434\u043a\u0440\u0438\u0442\u043e \u0434\u043e\u0434\u0430\u0442\u043e\u043a Bank
2024-05-01 14:45:35,826 \u0412\u0456\u0434\u043a\u0440\u0438\u0442\u043e \u0434\u043e\u0434\u0430\u0442\u043e\u043a Pizza Maker
2024-05-01 14:46:46,471 \u0412\u0456\u0434\u043a\u0440\u0438\u0442\u043e \u0434\u043e\u0434\u0430\u0442\u043e\u043a Pizza Maker
2024-05-01 14:46:48,386 \u0412\u0456\u0434\u043a\u0440\u0438\u0442\u043e \u0434\u043e\u0434\u0430\u0442\u043e\u043a Minesweeper
2024-05-01 14:46:49,985 \u0412\u0456\u0434\u043a\u0440\u0438\u0442\u043e \u0434\u043e\u0434\u0430\u0442\u043e\u043a Minesweeper
2024-05-01 14:46:51,285 \u0412\u0456\u0434\u043a\u0440\u0438\u0442\u043e \u0434\u043e\u0434\u0430\u0442\u043e\u043a Bank
2024-05-01 14:51:43,378 \u0412\u0456\u0434\u043a\u0440\u0438\u0442\u043e \u0434\u043e\u0434\u0430\u0442\u043e\u043a Phone
2024-05-01 14:51:50,343 \u0412\u0456\u0434\u043a\u0440\u0438\u0442\u043e \u0434\u043e\u0434\u0430\u0442\u043e\u043a Bank
2024-05-01 14:52:58,225 \u0412\u0456\u0434\u043a\u0440\u0438\u0442\u043e \u0434\u043e\u0434\u0430\u0442\u043e\u043a Phone
2024-05-01 14:52:59,999 \u0412\u0456\u0434\u043a\u0440\u0438\u0442\u043e \u0434\u043e\u0434\u0430\u0442\u043e\u043a Bank
2024-05-01 14:53:03,656 \u0412\u0456\u0434\u043a\u0440\u0438\u0442\u043e \u0434\u043e\u0434\u0430\u0442\u043e\u043a Bank
2024-05-01 14:53:04,980 \u0412\u0456\u0434\u043a\u0440\u0438\u0442\u043e \u0434\u043e\u0434\u0430\u0442\u043e\u043a Bank
2024-05-01 14:53:06,320 \u0412\u0456\u0434\u043a\u0440\u0438\u0442\u043e \u0434\u043e\u0434\u0430\u0442\u043e\u043a Bank
2024-05-01 14:53:07,683 \u0412\u0456\u0434\u043a\u0440\u0438\u0442\u043e \u0434\u043e\u0434\u0430\u0442\u043e\u043a Minesweeper
2024-05-01 14:53:10,379 \u0412\u0456\u0434\u043a\u0440\u0438\u0442\u043e \u0434\u043e\u0434\u0430\u0442\u043e\u043a Minesweeper
2024-05-01 14:53:12,955 \u0412\u0456\u0434\u043a\u0440\u0438\u0442\u043e \u0434\u043e\u0434\u0430\u0442\u043e\u043a Pizza Maker
2024-05-01 14:53:14,657 \u0412\u0456\u0434\u043a\u0440\u0438\u0442\u043e \u0434\u043e\u0434\u0430\u0442\u043e\u043a Clock
2024-05-01 14:53:17,701 \u0412\u0456\u0434\u043a\u0440\u0438\u0442\u043e \u0434\u043e\u0434\u0430\u0442\u043e\u043a Clock
